2019-02-22 07:35:34 - DEBUG - server - run - starting server...
2019-02-22 07:35:34 - DEBUG - server - run - running server on http://127.0.0.1:8081/
2019-02-22 07:35:48 - DEBUG - server - do_GET - Получение списка регионов из БД
2019-02-22 07:35:48 - DEBUG - server - do_GET - Рендеринг страницы comment.html
2019-02-22 07:36:11 - DEBUG - server - do_GET - Ajax-запрос. Список городов по региону 3
2019-02-22 07:36:11 - DEBUG - server - do_GET - Запрос выполнен успешно
2019-02-22 07:36:25 - DEBUG - server - do_GET - Рендеринг страницы stat.html
2019-02-22 07:36:28 - DEBUG - server - do_GET - Ajax-запрос. Получение статистики в разрезе городов по региону 2
2019-02-22 07:36:28 - DEBUG - server - do_GET - Запрос выполнен успешно
2019-02-22 07:36:30 - DEBUG - server - do_GET - Рендеринг страницы view.html
2019-02-22 07:38:39 - DEBUG - server - run - starting server...
2019-02-22 07:38:39 - DEBUG - server - run - running server on http://127.0.0.1:8081/
2019-02-22 07:38:42 - DEBUG - server - do_GET - Рендеринг страницы view.html
2019-02-22 07:39:40 - DEBUG - server - run - starting server...
2019-02-22 07:39:40 - DEBUG - server - run - running server on http://127.0.0.1:8081/
2019-02-22 07:39:46 - DEBUG - server - do_GET - Рендеринг страницы view.html
2019-02-22 07:50:59 - DEBUG - server - run - starting server...
2019-02-22 07:50:59 - DEBUG - server - run - running server on http://127.0.0.1:8081/
2019-02-22 07:51:00 - DEBUG - server - do_GET - Рендеринг страницы view.html
2019-02-22 07:51:53 - DEBUG - server - do_GET - Рендеринг страницы view.html
2019-02-22 07:55:35 - DEBUG - server - do_GET - Получение списка регионов из БД
2019-02-22 07:55:35 - DEBUG - server - do_GET - Рендеринг страницы comment.html
2019-02-22 07:55:49 - DEBUG - server - do_GET - Рендеринг страницы view.html
2019-02-22 07:59:17 - DEBUG - server - run - starting server...
2019-02-22 07:59:17 - DEBUG - server - run - running server on http://127.0.0.1:8081/
2019-02-22 07:59:23 - ERROR - server - do_GET - Database error: near "=": syntax error
2019-02-22 08:02:31 - DEBUG - server - run - starting server...
2019-02-22 08:02:31 - DEBUG - server - run - running server on http://127.0.0.1:8081/
2019-02-22 08:02:42 - ERROR - server - do_GET - Database error: near "=": syntax error
2019-02-22 08:10:15 - DEBUG - server - run - starting server...
2019-02-22 08:10:15 - DEBUG - server - run - running server on http://127.0.0.1:8081/
2019-02-22 08:10:20 - DEBUG - server - do_GET - Рендеринг страницы view.html
2019-02-22 08:10:50 - DEBUG - server - do_GET - Рендеринг страницы view.html
2019-02-22 08:11:04 - DEBUG - server - do_GET - Рендеринг страницы view.html
2019-02-22 08:11:16 - DEBUG - server - do_GET - Рендеринг страницы view.html
2019-02-22 08:15:45 - DEBUG - server - do_GET - Рендеринг страницы view.html
2019-02-22 08:32:02 - DEBUG - server - do_GET - Рендеринг страницы view.html
2019-02-22 09:06:28 - DEBUG - server - run - starting server...
2019-02-22 09:06:28 - DEBUG - server - run - running server on http://127.0.0.1:8081/
2019-02-22 09:06:44 - DEBUG - server - do_GET - Получение списка регионов из БД
2019-02-22 09:06:44 - DEBUG - server - do_GET - Рендеринг страницы comment.html
2019-02-22 09:06:46 - DEBUG - server - do_GET - Рендеринг страницы view.html
2019-02-22 09:06:47 - DEBUG - server - do_GET - Рендеринг страницы stat.html
2019-02-22 09:06:48 - DEBUG - server - do_GET - Получение списка регионов из БД
2019-02-22 09:06:48 - DEBUG - server - do_GET - Рендеринг страницы comment.html
2019-02-22 09:06:55 - DEBUG - server - do_GET - Рендеринг страницы view.html
2019-02-22 09:16:15 - DEBUG - server - do_GET - Получение списка регионов из БД
2019-02-22 09:16:15 - DEBUG - server - do_GET - Рендеринг страницы comment.html
2019-02-22 09:17:06 - DEBUG - server - do_GET - Получение списка регионов из БД
2019-02-22 09:17:06 - DEBUG - server - do_GET - Рендеринг страницы comment.html
2019-02-22 09:17:07 - DEBUG - server - do_GET - Ajax-запрос. Список городов по региону 4
2019-02-22 09:18:35 - DEBUG - server - run - starting server...
2019-02-22 09:18:35 - DEBUG - server - run - running server on http://127.0.0.1:8081/
2019-02-22 09:18:38 - DEBUG - server - do_GET - Получение списка регионов из БД
2019-02-22 09:18:38 - DEBUG - server - do_GET - Рендеринг страницы comment.html
2019-02-22 09:18:40 - DEBUG - server - do_GET - Ajax-запрос. Список городов по региону 1
2019-02-22 09:18:40 - DEBUG - server - do_GET - Запрос выполнен успешно
2019-02-22 09:21:10 - DEBUG - server - do_GET - Получение списка регионов из БД
2019-02-22 09:21:10 - DEBUG - server - do_GET - Рендеринг страницы comment.html
2019-02-22 09:22:00 - DEBUG - server - do_GET - Получение списка регионов из БД
2019-02-22 09:22:00 - DEBUG - server - do_GET - Рендеринг страницы comment.html
2019-02-22 09:22:11 - DEBUG - server - do_GET - Получение списка регионов из БД
2019-02-22 09:22:11 - DEBUG - server - do_GET - Рендеринг страницы comment.html
2019-02-22 09:23:03 - DEBUG - server - do_GET - Получение списка регионов из БД
2019-02-22 09:23:03 - DEBUG - server - do_GET - Рендеринг страницы comment.html
2019-02-22 09:26:55 - DEBUG - server - do_GET - Получение списка регионов из БД
2019-02-22 09:26:55 - DEBUG - server - do_GET - Рендеринг страницы comment.html
2019-02-22 09:51:17 - DEBUG - server - run - starting server...
2019-02-22 09:51:17 - DEBUG - server - run - running server on http://127.0.0.1:8081/
2019-02-22 09:51:30 - DEBUG - server - do_GET - Рендеринг страницы view.html
2019-02-22 09:52:12 - DEBUG - server - do_GET - Рендеринг страницы view.html
2019-02-22 09:53:45 - DEBUG - server - do_GET - Рендеринг страницы view.html
2019-02-22 09:53:50 - DEBUG - server - do_GET - Запрос выполнен успешно
2019-02-22 09:58:10 - DEBUG - server - do_GET - Рендеринг страницы view.html
2019-02-22 09:58:13 - DEBUG - server - do_GET - Запрос выполнен успешно
2019-02-22 10:03:28 - DEBUG - server - do_GET - Рендеринг страницы view.html
2019-02-22 10:05:03 - DEBUG - server - do_GET - Рендеринг страницы view.html
2019-02-22 10:05:04 - DEBUG - server - do_GET - Запрос выполнен успешно
2019-02-22 10:06:08 - DEBUG - server - do_GET - Рендеринг страницы view.html
2019-02-22 10:06:10 - DEBUG - server - do_GET - Запрос выполнен успешно
2019-02-22 10:06:52 - DEBUG - server - do_GET - Рендеринг страницы view.html
2019-02-22 10:06:54 - DEBUG - server - do_GET - Запрос выполнен успешно
2019-02-22 10:07:50 - DEBUG - server - do_GET - Рендеринг страницы view.html
2019-02-22 10:07:52 - DEBUG - server - do_GET - Запрос выполнен успешно
2019-02-22 10:09:33 - DEBUG - server - do_GET - Рендеринг страницы view.html
2019-02-22 10:09:35 - DEBUG - server - do_GET - Запрос выполнен успешно
2019-02-22 10:12:01 - DEBUG - server - do_GET - Рендеринг страницы view.html
2019-02-22 10:12:05 - DEBUG - server - do_GET - Запрос выполнен успешно
2019-02-22 10:16:45 - DEBUG - server - do_GET - Рендеринг страницы view.html
2019-02-22 10:16:47 - DEBUG - server - do_GET - Запрос выполнен успешно
2019-02-22 10:17:42 - DEBUG - server - do_GET - Рендеринг страницы view.html
2019-02-22 10:20:13 - DEBUG - server - do_GET - Рендеринг страницы view.html
2019-02-22 10:20:17 - DEBUG - server - do_GET - Запрос выполнен успешно
2019-02-22 10:20:49 - DEBUG - server - do_GET - Рендеринг страницы view.html
2019-02-22 10:20:51 - DEBUG - server - do_GET - Запрос выполнен успешно
2019-02-22 10:22:10 - DEBUG - server - do_POST - Ajax-запрос. Удаление комментария(-ев) ['21']
2019-02-22 10:22:10 - DEBUG - server - do_POST - Запрос выполнен успешно
2019-02-22 10:23:13 - DEBUG - server - do_GET - Запрос выполнен успешно
2019-02-22 10:23:14 - DEBUG - server - do_GET - Запрос выполнен успешно
2019-02-22 10:28:39 - DEBUG - server - do_GET - Рендеринг страницы view.html
2019-02-22 10:29:26 - DEBUG - server - do_GET - Рендеринг страницы view.html
2019-02-22 10:33:32 - DEBUG - server - do_GET - Рендеринг страницы view.html
2019-02-22 10:34:13 - DEBUG - server - do_GET - Рендеринг страницы view.html
2019-02-22 10:34:28 - DEBUG - server - do_GET - Рендеринг страницы view.html
2019-02-22 10:35:01 - DEBUG - server - do_GET - Рендеринг страницы view.html
2019-02-22 10:35:06 - DEBUG - server - do_GET - Запрос выполнен успешно
2019-02-22 10:47:22 - DEBUG - server - do_GET - Получение списка регионов из БД
2019-02-22 10:47:22 - DEBUG - server - do_GET - Рендеринг страницы comment.html
2019-02-22 11:00:43 - DEBUG - server - run - starting server...
2019-02-22 11:00:43 - DEBUG - server - run - running server on http://127.0.0.1:8081/
2019-02-22 11:00:50 - DEBUG - server - do_GET - Рендеринг страницы view.html
2019-02-22 11:01:33 - DEBUG - server - do_GET - Рендеринг страницы view.html
2019-02-22 11:16:46 - DEBUG - server - run - starting server...
2019-02-22 11:16:46 - DEBUG - server - run - running server on http://127.0.0.1:8081/
2019-02-22 11:16:51 - DEBUG - server - do_GET - Рендеринг страницы view.html
2019-02-22 11:19:24 - DEBUG - server - do_GET - Рендеринг страницы view.html
2019-02-22 11:26:11 - DEBUG - server - do_GET - Рендеринг страницы view.html
2019-02-22 11:27:13 - DEBUG - server - do_GET - Рендеринг страницы view.html
2019-02-22 11:28:09 - DEBUG - server - do_GET - Рендеринг страницы view.html
2019-02-22 11:31:12 - DEBUG - server - do_GET - Рендеринг страницы view.html
2019-02-22 11:36:58 - DEBUG - server - run - starting server...
2019-02-22 11:36:58 - DEBUG - server - run - running server on http://127.0.0.1:8081/
2019-02-22 11:37:02 - DEBUG - server - do_GET - Рендеринг страницы view.html
2019-02-22 11:37:18 - DEBUG - server - do_GET - Рендеринг страницы view.html
2019-02-22 11:37:20 - DEBUG - server - do_GET - Запрос выполнен успешно
2019-02-22 11:37:27 - DEBUG - server - do_GET - Запрос выполнен успешно
2019-02-22 11:37:57 - DEBUG - server - do_GET - Запрос выполнен успешно
2019-02-22 12:21:35 - DEBUG - server - do_GET - Рендеринг страницы view.html
2019-02-22 12:22:04 - DEBUG - server - do_GET - Рендеринг страницы view.html
2019-02-22 12:23:22 - DEBUG - server - do_GET - Рендеринг страницы view.html
2019-02-22 12:27:37 - DEBUG - server - do_GET - Рендеринг страницы view.html
2019-02-22 12:27:40 - DEBUG - server - do_GET - Запрос выполнен успешно
2019-02-22 12:27:43 - DEBUG - server - do_GET - Запрос выполнен успешно
2019-02-22 12:27:53 - DEBUG - server - do_GET - Запрос выполнен успешно
2019-02-22 12:27:58 - DEBUG - server - do_GET - Запрос выполнен успешно
2019-02-22 12:28:44 - DEBUG - server - do_GET - Рендеринг страницы view.html
2019-02-22 12:28:46 - DEBUG - server - do_GET - Запрос выполнен успешно
2019-02-22 12:28:49 - DEBUG - server - do_GET - Запрос выполнен успешно
2019-02-22 12:29:11 - DEBUG - server - do_GET - Рендеринг страницы view.html
2019-02-22 12:29:48 - DEBUG - server - do_GET - Рендеринг страницы view.html
2019-02-22 12:30:40 - DEBUG - server - do_GET - Рендеринг страницы view.html
2019-02-22 12:30:44 - DEBUG - server - do_GET - Запрос выполнен успешно
2019-02-22 12:37:09 - DEBUG - server - do_GET - Рендеринг страницы view.html
2019-02-22 12:37:20 - DEBUG - server - do_GET - Запрос выполнен успешно
2019-02-22 12:38:34 - DEBUG - server - do_GET - Рендеринг страницы view.html
2019-02-22 12:38:42 - DEBUG - server - do_GET - Запрос выполнен успешно
2019-02-22 12:41:59 - DEBUG - server - do_GET - Рендеринг страницы view.html
2019-02-22 12:42:02 - DEBUG - server - do_GET - Запрос выполнен успешно
2019-02-22 12:42:04 - DEBUG - server - do_GET - Запрос выполнен успешно
2019-02-22 12:42:06 - DEBUG - server - do_GET - Запрос выполнен успешно
2019-02-22 12:43:00 - DEBUG - server - do_GET - Рендеринг страницы view.html
2019-02-22 12:44:08 - DEBUG - server - do_GET - Рендеринг страницы view.html
2019-02-22 12:44:10 - DEBUG - server - do_GET - Запрос выполнен успешно
2019-02-22 12:44:11 - DEBUG - server - do_GET - Запрос выполнен успешно
2019-02-22 12:44:12 - DEBUG - server - do_GET - Запрос выполнен успешно
2019-02-22 12:44:14 - DEBUG - server - do_GET - Запрос выполнен успешно
2019-02-22 12:44:33 - DEBUG - server - do_GET - Запрос выполнен успешно
2019-02-22 12:44:34 - DEBUG - server - do_GET - Запрос выполнен успешно
2019-02-22 12:45:14 - DEBUG - server - do_GET - Рендеринг страницы view.html
2019-02-22 12:45:16 - DEBUG - server - do_GET - Запрос выполнен успешно
2019-02-22 12:45:16 - DEBUG - server - do_GET - Запрос выполнен успешно
2019-02-22 12:45:19 - DEBUG - server - do_GET - Запрос выполнен успешно
2019-02-22 12:45:23 - DEBUG - server - do_GET - Запрос выполнен успешно
2019-02-22 12:45:26 - DEBUG - server - do_GET - Запрос выполнен успешно
2019-02-22 12:45:29 - DEBUG - server - do_GET - Запрос выполнен успешно
2019-02-22 12:45:34 - DEBUG - server - do_GET - Запрос выполнен успешно
2019-02-22 12:45:38 - DEBUG - server - do_GET - Запрос выполнен успешно
2019-02-22 12:46:16 - DEBUG - server - do_GET - Рендеринг страницы view.html
2019-02-22 12:46:17 - DEBUG - server - do_GET - Запрос выполнен успешно
2019-02-22 12:46:18 - DEBUG - server - do_GET - Запрос выполнен успешно
2019-02-22 12:47:06 - DEBUG - server - do_GET - Рендеринг страницы view.html
2019-02-22 12:47:07 - DEBUG - server - do_GET - Запрос выполнен успешно
2019-02-22 12:47:08 - DEBUG - server - do_GET - Запрос выполнен успешно
2019-02-22 12:47:09 - DEBUG - server - do_GET - Запрос выполнен успешно
2019-02-22 12:47:16 - DEBUG - server - do_GET - Запрос выполнен успешно
2019-02-22 12:47:20 - DEBUG - server - do_GET - Запрос выполнен успешно
2019-02-22 12:47:20 - DEBUG - server - do_GET - Запрос выполнен успешно
2019-02-22 12:53:58 - DEBUG - server - do_GET - Рендеринг страницы view.html
2019-02-22 12:54:00 - DEBUG - server - do_GET - Запрос выполнен успешно
2019-02-22 12:54:01 - DEBUG - server - do_GET - Запрос выполнен успешно
2019-02-22 12:54:05 - DEBUG - server - do_GET - Запрос выполнен успешно
2019-02-22 12:55:51 - DEBUG - server - do_GET - Рендеринг страницы view.html
2019-02-22 12:55:53 - DEBUG - server - do_GET - Запрос выполнен успешно
2019-02-22 12:55:57 - DEBUG - server - do_GET - Запрос выполнен успешно
2019-02-22 12:56:00 - DEBUG - server - do_GET - Запрос выполнен успешно
2019-02-22 12:56:06 - DEBUG - server - do_GET - Рендеринг страницы view.html
2019-02-22 12:56:07 - DEBUG - server - do_GET - Запрос выполнен успешно
2019-02-22 12:56:10 - DEBUG - server - do_GET - Запрос выполнен успешно
2019-02-22 12:56:45 - DEBUG - server - do_GET - Рендеринг страницы view.html
2019-02-22 12:56:47 - DEBUG - server - do_GET - Запрос выполнен успешно
2019-02-22 12:56:48 - DEBUG - server - do_GET - Запрос выполнен успешно
2019-02-22 12:56:52 - DEBUG - server - do_GET - Запрос выполнен успешно
2019-02-22 12:57:33 - DEBUG - server - do_GET - Рендеринг страницы view.html
2019-02-22 13:00:12 - DEBUG - server - do_GET - Рендеринг страницы view.html
2019-02-22 13:00:15 - DEBUG - server - do_GET - Запрос выполнен успешно
2019-02-22 13:00:19 - DEBUG - server - do_GET - Запрос выполнен успешно
2019-02-22 13:00:23 - DEBUG - server - do_GET - Запрос выполнен успешно
2019-02-22 13:00:57 - DEBUG - server - do_GET - Запрос выполнен успешно
2019-02-22 13:01:02 - DEBUG - server - do_GET - Запрос выполнен успешно
2019-02-22 13:02:01 - DEBUG - server - do_GET - Рендеринг страницы view.html
2019-02-22 13:02:06 - DEBUG - server - do_GET - Запрос выполнен успешно
2019-02-22 13:02:13 - DEBUG - server - do_GET - Запрос выполнен успешно
2019-02-22 13:05:23 - DEBUG - server - do_GET - Рендеринг страницы view.html
2019-02-22 13:05:26 - DEBUG - server - do_GET - Запрос выполнен успешно
2019-02-22 13:05:29 - DEBUG - server - do_GET - Запрос выполнен успешно
2019-02-22 13:05:34 - DEBUG - server - do_GET - Запрос выполнен успешно
2019-02-22 13:05:38 - DEBUG - server - do_GET - Запрос выполнен успешно
2019-02-22 13:05:43 - DEBUG - server - do_GET - Запрос выполнен успешно
2019-02-22 13:22:13 - DEBUG - server - do_GET - Рендеринг страницы view.html
2019-02-22 13:23:16 - DEBUG - server - do_GET - Рендеринг страницы view.html
2019-02-22 13:24:16 - DEBUG - server - do_GET - Рендеринг страницы view.html
2019-02-22 13:25:49 - DEBUG - server - do_GET - Рендеринг страницы view.html
2019-02-22 13:26:29 - DEBUG - server - do_GET - Рендеринг страницы view.html
2019-02-22 13:27:40 - DEBUG - server - do_GET - Рендеринг страницы view.html
2019-02-22 13:27:42 - DEBUG - server - do_GET - Запрос выполнен успешно
2019-02-22 13:29:45 - DEBUG - server - do_GET - Рендеринг страницы view.html
2019-02-22 13:29:48 - DEBUG - server - do_GET - Запрос выполнен успешно
2019-02-22 13:29:50 - DEBUG - server - do_GET - Запрос выполнен успешно
2019-02-22 13:29:52 - DEBUG - server - do_GET - Запрос выполнен успешно
2019-02-22 13:34:13 - DEBUG - server - do_GET - Рендеринг страницы view.html
2019-02-22 13:34:16 - DEBUG - server - do_GET - Запрос выполнен успешно
2019-02-22 13:34:18 - DEBUG - server - do_GET - Запрос выполнен успешно
2019-02-22 13:34:21 - DEBUG - server - do_GET - Запрос выполнен успешно
2019-02-22 13:38:40 - DEBUG - server - do_GET - Рендеринг страницы view.html
2019-02-22 13:40:18 - DEBUG - server - do_GET - Рендеринг страницы view.html
2019-02-22 13:40:45 - DEBUG - server - do_GET - Рендеринг страницы view.html
2019-02-22 13:42:28 - DEBUG - server - do_GET - Запрос выполнен успешно
2019-02-22 13:42:30 - DEBUG - server - do_GET - Запрос выполнен успешно
2019-02-22 13:42:32 - DEBUG - server - do_GET - Запрос выполнен успешно
2019-02-22 13:43:39 - DEBUG - server - do_GET - Рендеринг страницы view.html
2019-02-22 13:43:42 - DEBUG - server - do_GET - Запрос выполнен успешно
2019-02-22 13:43:44 - DEBUG - server - do_GET - Запрос выполнен успешно
2019-02-22 13:43:46 - DEBUG - server - do_GET - Запрос выполнен успешно
2019-02-22 13:43:50 - DEBUG - server - do_GET - Запрос выполнен успешно
2019-02-22 13:43:53 - DEBUG - server - do_GET - Запрос выполнен успешно
2019-02-22 13:43:57 - DEBUG - server - do_GET - Запрос выполнен успешно
2019-02-22 13:44:00 - DEBUG - server - do_GET - Запрос выполнен успешно
2019-02-22 14:04:19 - DEBUG - server - do_GET - Рендеринг страницы view.html
2019-02-22 14:05:47 - DEBUG - server - do_GET - Рендеринг страницы view.html
2019-02-22 14:05:49 - DEBUG - server - do_GET - Запрос выполнен успешно
2019-02-22 14:05:53 - DEBUG - server - do_GET - Запрос выполнен успешно
2019-02-22 14:06:02 - DEBUG - server - do_GET - Запрос выполнен успешно
2019-02-22 14:06:27 - DEBUG - server - do_GET - Запрос выполнен успешно
2019-02-22 14:06:34 - DEBUG - server - do_GET - Запрос выполнен успешно
2019-02-22 14:08:18 - DEBUG - server - do_GET - Рендеринг страницы view.html
2019-02-22 14:08:23 - DEBUG - server - do_GET - Запрос выполнен успешно
2019-02-22 14:08:27 - DEBUG - server - do_GET - Запрос выполнен успешно
2019-02-22 14:08:54 - DEBUG - server - do_GET - Рендеринг страницы view.html
2019-02-22 14:08:57 - DEBUG - server - do_GET - Запрос выполнен успешно
2019-02-22 14:09:02 - DEBUG - server - do_GET - Запрос выполнен успешно
2019-02-22 14:11:50 - DEBUG - server - do_GET - Рендеринг страницы view.html
2019-02-22 14:12:13 - DEBUG - server - do_GET - Рендеринг страницы view.html
2019-02-22 14:12:14 - DEBUG - server - do_GET - Запрос выполнен успешно
2019-02-22 14:12:21 - DEBUG - server - do_GET - Запрос выполнен успешно
2019-02-22 14:15:10 - DEBUG - server - do_GET - Рендеринг страницы view.html
2019-02-22 14:15:12 - DEBUG - server - do_GET - Запрос выполнен успешно
2019-02-22 14:15:16 - DEBUG - server - do_GET - Запрос выполнен успешно
2019-02-26 08:35:23 - DEBUG - server - run - starting server...
2019-02-26 08:35:23 - DEBUG - server - run - running server on http://127.0.0.1:8081/
2019-02-26 08:35:31 - DEBUG - server - do_GET - Получение списка регионов из БД
2019-02-26 08:35:31 - DEBUG - server - do_GET - Рендеринг страницы comment.html
2019-02-26 08:35:34 - DEBUG - server - do_GET - Рендеринг страницы view.html
2019-02-26 08:35:45 - DEBUG - server - do_GET - Запрос выполнен успешно
2019-02-26 08:35:49 - DEBUG - server - do_GET - Запрос выполнен успешно
2019-02-26 08:35:53 - DEBUG - server - do_GET - Запрос выполнен успешно
2019-02-26 08:36:14 - DEBUG - server - do_GET - Запрос выполнен успешно
2019-02-26 08:36:30 - DEBUG - server - do_POST - Ajax-запрос. Удаление комментария(-ев) ['4']
2019-02-26 08:36:30 - DEBUG - server - do_POST - Запрос выполнен успешно
2019-02-26 08:43:57 - DEBUG - server - do_GET - Рендеринг страницы view.html
2019-02-26 08:44:09 - DEBUG - server - do_GET - Рендеринг страницы view.html
2019-02-26 08:44:21 - DEBUG - server - do_GET - Рендеринг страницы view.html
2019-02-26 08:44:31 - DEBUG - server - do_GET - Запрос выполнен успешно
2019-02-26 08:45:17 - DEBUG - server - do_GET - Рендеринг страницы view.html
2019-02-26 08:49:58 - DEBUG - server - run - starting server...
2019-02-26 08:50:19 - DEBUG - server - run - starting server...
2019-02-26 08:51:04 - DEBUG - server - run - starting server...
2019-02-26 08:51:48 - DEBUG - server - run - starting server...
2019-02-26 08:52:48 - DEBUG - server - run - starting server...
2019-02-26 08:52:48 - DEBUG - server - run - running server on http://127.0.0.1:8083/
2019-02-26 08:52:55 - DEBUG - server - do_GET - Рендеринг страницы view.html
2019-02-26 08:53:11 - DEBUG - server - do_POST - Ajax-запрос. Удаление комментария(-ев) ['5']
2019-02-26 08:53:11 - DEBUG - server - do_POST - Запрос выполнен успешно
2019-02-26 08:58:22 - DEBUG - server - do_GET - Рендеринг страницы view.html
2019-02-26 08:58:33 - DEBUG - server - do_POST - Ajax-запрос. Удаление комментария(-ев) ['16']
2019-02-26 08:58:33 - DEBUG - server - do_POST - Запрос выполнен успешно
2019-02-26 08:58:56 - DEBUG - server - do_GET - Рендеринг страницы view.html
2019-02-26 08:59:02 - DEBUG - server - do_POST - Ajax-запрос. Удаление комментария(-ев) ['15', '19']
2019-02-26 08:59:02 - DEBUG - server - do_POST - Запрос выполнен успешно
2019-02-26 09:08:10 - DEBUG - server - do_GET - Рендеринг страницы view.html
2019-02-26 09:08:20 - DEBUG - server - do_POST - Ajax-запрос. Удаление комментария(-ев) ['13']
2019-02-26 09:08:20 - DEBUG - server - do_POST - Запрос выполнен успешно
2019-02-26 09:09:49 - DEBUG - server - do_GET - Рендеринг страницы view.html
2019-02-26 09:09:55 - DEBUG - server - do_POST - Ajax-запрос. Удаление комментария(-ев) ['14']
2019-02-26 09:09:55 - DEBUG - server - do_POST - Запрос выполнен успешно
2019-02-26 09:29:02 - DEBUG - server - do_GET - Рендеринг страницы view.html
2019-02-26 09:29:12 - DEBUG - server - do_POST - Ajax-запрос. Удаление комментария(-ев) ['20']
2019-02-26 09:29:12 - DEBUG - server - do_POST - Запрос выполнен успешно
2019-02-26 09:29:28 - DEBUG - server - do_POST - Ajax-запрос. Удаление комментария(-ев) ['24', '29']
2019-02-26 09:29:28 - DEBUG - server - do_POST - Запрос выполнен успешно
2019-02-26 09:30:57 - DEBUG - server - do_GET - Рендеринг страницы view.html
2019-02-26 09:31:03 - DEBUG - server - do_GET - Запрос выполнен успешно
2019-02-26 09:32:15 - DEBUG - server - do_GET - Получение списка регионов из БД
2019-02-26 09:32:15 - DEBUG - server - do_GET - Рендеринг страницы comment.html
2019-02-26 09:39:19 - DEBUG - server - do_GET - Рендеринг страницы view.html
2019-02-26 09:39:21 - DEBUG - server - do_GET - Запрос выполнен успешно
2019-02-26 09:39:24 - DEBUG - server - do_GET - Запрос выполнен успешно
2019-02-26 09:39:24 - DEBUG - server - do_GET - Запрос выполнен успешно
2019-02-26 09:39:29 - DEBUG - server - do_GET - Рендеринг страницы view.html
2019-02-26 09:39:31 - DEBUG - server - do_GET - Запрос выполнен успешно
2019-02-26 09:40:40 - DEBUG - server - do_GET - Рендеринг страницы view.html
2019-02-26 09:40:42 - DEBUG - server - do_GET - Запрос выполнен успешно
2019-02-26 09:40:43 - DEBUG - server - do_GET - Запрос выполнен успешно
2019-02-26 09:41:11 - DEBUG - server - do_GET - Рендеринг страницы view.html
2019-02-26 09:41:12 - DEBUG - server - do_GET - Запрос выполнен успешно
2019-02-26 09:41:18 - DEBUG - server - do_GET - Запрос выполнен успешно
2019-02-26 09:42:56 - DEBUG - server - do_GET - Рендеринг страницы view.html
2019-02-26 09:42:58 - DEBUG - server - do_GET - Запрос выполнен успешно
2019-02-26 09:43:21 - DEBUG - server - do_GET - Рендеринг страницы view.html
2019-02-26 09:43:22 - DEBUG - server - do_GET - Запрос выполнен успешно
2019-02-26 09:44:46 - DEBUG - server - do_GET - Рендеринг страницы view.html
2019-02-26 09:44:47 - DEBUG - server - do_GET - Запрос выполнен успешно
2019-02-26 09:45:52 - DEBUG - server - do_GET - Рендеринг страницы view.html
2019-02-26 09:45:53 - DEBUG - server - do_GET - Запрос выполнен успешно
2019-02-26 09:47:00 - DEBUG - server - do_GET - Рендеринг страницы view.html
2019-02-26 09:47:01 - DEBUG - server - do_GET - Запрос выполнен успешно
2019-02-26 09:49:10 - DEBUG - server - do_GET - Рендеринг страницы view.html
2019-02-26 09:49:12 - DEBUG - server - do_GET - Запрос выполнен успешно
2019-02-26 09:49:15 - DEBUG - server - do_GET - Запрос выполнен успешно
2019-02-26 09:49:16 - DEBUG - server - do_GET - Запрос выполнен успешно
2019-02-26 09:49:24 - DEBUG - server - do_GET - Рендеринг страницы view.html
2019-02-26 09:49:49 - DEBUG - server - do_GET - Запрос выполнен успешно
2019-02-26 09:49:51 - DEBUG - server - do_GET - Запрос выполнен успешно
2019-02-26 09:49:55 - DEBUG - server - do_GET - Рендеринг страницы view.html
2019-02-26 09:49:57 - DEBUG - server - do_GET - Запрос выполнен успешно
2019-02-26 09:49:58 - DEBUG - server - do_GET - Запрос выполнен успешно
2019-02-26 09:50:16 - DEBUG - server - do_GET - Рендеринг страницы view.html
2019-02-26 09:50:20 - DEBUG - server - do_GET - Запрос выполнен успешно
2019-02-26 09:50:34 - DEBUG - server - do_GET - Запрос выполнен успешно
2019-02-26 09:53:10 - DEBUG - server - do_GET - Рендеринг страницы view.html
2019-02-26 09:53:12 - DEBUG - server - do_GET - Запрос выполнен успешно
2019-02-26 09:53:15 - DEBUG - server - do_GET - Запрос выполнен успешно
2019-02-26 09:53:16 - DEBUG - server - do_GET - Рендеринг страницы view.html
2019-02-26 09:53:18 - DEBUG - server - do_GET - Запрос выполнен успешно
2019-02-26 09:53:19 - DEBUG - server - do_GET - Запрос выполнен успешно
2019-02-26 09:54:11 - DEBUG - server - do_GET - Рендеринг страницы view.html
2019-02-26 09:54:13 - DEBUG - server - do_GET - Запрос выполнен успешно
2019-02-26 09:54:14 - DEBUG - server - do_GET - Запрос выполнен успешно
2019-02-26 09:54:20 - DEBUG - server - do_GET - Запрос выполнен успешно
2019-02-26 09:54:56 - DEBUG - server - do_GET - Запрос выполнен успешно
2019-02-26 09:54:58 - DEBUG - server - do_GET - Запрос выполнен успешно
2019-02-26 09:55:01 - DEBUG - server - do_GET - Запрос выполнен успешно
2019-02-26 10:01:40 - DEBUG - server - run - starting server...
2019-02-26 10:01:40 - DEBUG - server - run - running server on http://127.0.0.1:8083/
2019-02-26 10:01:45 - DEBUG - server - do_GET - Рендеринг страницы view.html
2019-02-26 10:01:48 - DEBUG - server - do_GET - Запрос выполнен успешно
2019-02-26 10:01:52 - DEBUG - server - do_GET - Запрос выполнен успешно
2019-02-26 10:01:57 - DEBUG - server - do_GET - Запрос выполнен успешно
2019-02-26 10:02:01 - DEBUG - server - do_GET - Запрос выполнен успешно
2019-02-26 10:02:02 - DEBUG - server - do_GET - Запрос выполнен успешно
2019-02-26 10:02:03 - DEBUG - server - do_GET - Запрос выполнен успешно
2019-02-26 10:06:42 - DEBUG - server - do_GET - Рендеринг страницы view.html
2019-02-26 10:07:10 - DEBUG - server - do_GET - Рендеринг страницы view.html
2019-02-26 10:09:43 - DEBUG - server - do_GET - Рендеринг страницы view.html
2019-02-26 10:09:55 - DEBUG - server - do_GET - Рендеринг страницы view.html
2019-02-26 10:10:22 - DEBUG - server - do_GET - Получение списка регионов из БД
2019-02-26 10:10:22 - DEBUG - server - do_GET - Рендеринг страницы comment.html
2019-02-26 10:11:08 - DEBUG - server - do_GET - Рендеринг страницы view.html
2019-02-26 10:12:12 - DEBUG - server - do_GET - Рендеринг страницы view.html
2019-02-26 10:12:24 - DEBUG - server - do_GET - Рендеринг страницы view.html
2019-02-26 10:12:37 - DEBUG - server - do_GET - Рендеринг страницы view.html
2019-02-26 10:13:11 - DEBUG - server - do_GET - Рендеринг страницы view.html
2019-02-26 10:13:23 - DEBUG - server - do_GET - Рендеринг страницы view.html
2019-02-26 10:15:16 - DEBUG - server - do_GET - Рендеринг страницы view.html
2019-02-26 10:15:27 - DEBUG - server - do_GET - Рендеринг страницы view.html
2019-02-26 10:16:14 - DEBUG - server - do_GET - Рендеринг страницы view.html
2019-02-26 10:19:15 - DEBUG - server - do_GET - Рендеринг страницы view.html
2019-02-26 10:21:58 - DEBUG - server - do_GET - Рендеринг страницы view.html
2019-02-26 10:24:50 - DEBUG - server - do_GET - Рендеринг страницы view.html
2019-02-26 10:25:09 - DEBUG - server - do_GET - Рендеринг страницы view.html
2019-02-26 10:25:37 - DEBUG - server - do_GET - Рендеринг страницы view.html
2019-02-26 10:26:05 - DEBUG - server - do_GET - Рендеринг страницы view.html
2019-02-26 10:26:14 - DEBUG - server - do_GET - Запрос выполнен успешно
2019-02-26 10:26:15 - DEBUG - server - do_GET - Запрос выполнен успешно
2019-02-26 10:26:18 - DEBUG - server - do_GET - Запрос выполнен успешно
2019-02-26 10:30:40 - DEBUG - server - do_GET - Рендеринг страницы stat.html
2019-02-26 10:30:43 - DEBUG - server - do_GET - Ajax-запрос. Получение статистики в разрезе городов по региону 1
2019-02-26 10:30:43 - DEBUG - server - do_GET - Запрос выполнен успешно
2019-02-26 10:30:47 - DEBUG - server - do_GET - Получение списка регионов из БД
2019-02-26 10:30:47 - DEBUG - server - do_GET - Рендеринг страницы comment.html
2019-02-26 10:30:54 - DEBUG - server - do_GET - Ajax-запрос. Список городов по региону 4
2019-02-26 10:30:54 - DEBUG - server - do_GET - Запрос выполнен успешно
2019-02-26 10:30:59 - DEBUG - server - do_GET - Рендеринг страницы view.html
2019-02-26 10:31:03 - DEBUG - server - do_GET - Получение списка регионов из БД
2019-02-26 10:31:03 - DEBUG - server - do_GET - Рендеринг страницы comment.html
2019-02-26 10:31:16 - DEBUG - server - do_GET - Ajax-запрос. Список городов по региону 4
2019-02-26 10:31:16 - DEBUG - server - do_GET - Запрос выполнен успешно
2019-02-26 10:31:23 - DEBUG - server - do_GET - Рендеринг страницы view.html
2019-02-26 10:31:24 - DEBUG - server - do_GET - Получение списка регионов из БД
2019-02-26 10:31:24 - DEBUG - server - do_GET - Рендеринг страницы comment.html
2019-02-26 10:31:35 - DEBUG - server - do_GET - Ajax-запрос. Список городов по региону 4
2019-02-26 10:31:35 - DEBUG - server - do_GET - Запрос выполнен успешно
2019-02-26 10:31:41 - DEBUG - server - do_GET - Рендеринг страницы view.html
2019-02-26 10:31:43 - DEBUG - server - do_GET - Получение списка регионов из БД
2019-02-26 10:31:43 - DEBUG - server - do_GET - Рендеринг страницы comment.html
2019-02-26 10:31:51 - DEBUG - server - do_GET - Ajax-запрос. Список городов по региону 4
2019-02-26 10:31:51 - DEBUG - server - do_GET - Запрос выполнен успешно
2019-02-26 10:31:57 - DEBUG - server - do_GET - Рендеринг страницы view.html
2019-02-26 10:31:59 - DEBUG - server - do_GET - Получение списка регионов из БД
2019-02-26 10:31:59 - DEBUG - server - do_GET - Рендеринг страницы comment.html
2019-02-26 10:32:04 - DEBUG - server - do_GET - Ajax-запрос. Список городов по региону 4
2019-02-26 10:32:04 - DEBUG - server - do_GET - Запрос выполнен успешно
2019-02-26 10:32:11 - DEBUG - server - do_GET - Рендеринг страницы view.html
2019-02-26 10:32:12 - DEBUG - server - do_GET - Получение списка регионов из БД
2019-02-26 10:32:12 - DEBUG - server - do_GET - Рендеринг страницы comment.html
2019-02-26 10:32:20 - DEBUG - server - do_GET - Ajax-запрос. Список городов по региону 4
2019-02-26 10:32:20 - DEBUG - server - do_GET - Запрос выполнен успешно
2019-02-26 10:32:25 - DEBUG - server - do_GET - Рендеринг страницы view.html
2019-02-26 10:32:26 - DEBUG - server - do_GET - Рендеринг страницы stat.html
2019-02-26 10:32:29 - DEBUG - server - do_GET - Ajax-запрос. Получение статистики в разрезе городов по региону 4
2019-02-26 10:32:29 - DEBUG - server - do_GET - Запрос выполнен успешно
2019-02-26 10:32:36 - DEBUG - server - do_GET - Ajax-запрос. Получение статистики в разрезе городов по региону 1
2019-02-26 10:32:36 - DEBUG - server - do_GET - Запрос выполнен успешно
2019-02-26 10:32:40 - DEBUG - server - do_GET - Получение списка регионов из БД
2019-02-26 10:32:40 - DEBUG - server - do_GET - Рендеринг страницы comment.html
2019-02-26 10:32:50 - DEBUG - server - do_GET - Ajax-запрос. Список городов по региону 5
2019-02-26 10:32:50 - DEBUG - server - do_GET - Запрос выполнен успешно
2019-02-26 10:32:59 - DEBUG - server - do_GET - Рендеринг страницы view.html
2019-02-26 10:33:00 - DEBUG - server - do_GET - Получение списка регионов из БД
2019-02-26 10:33:00 - DEBUG - server - do_GET - Рендеринг страницы comment.html
2019-02-26 10:33:07 - DEBUG - server - do_GET - Ajax-запрос. Список городов по региону 5
2019-02-26 10:33:07 - DEBUG - server - do_GET - Запрос выполнен успешно
2019-02-26 10:33:13 - DEBUG - server - do_GET - Рендеринг страницы view.html
2019-02-26 10:33:14 - DEBUG - server - do_GET - Получение списка регионов из БД
2019-02-26 10:33:14 - DEBUG - server - do_GET - Рендеринг страницы comment.html
2019-02-26 10:33:20 - DEBUG - server - do_GET - Ajax-запрос. Список городов по региону 5
2019-02-26 10:33:20 - DEBUG - server - do_GET - Запрос выполнен успешно
2019-02-26 10:33:25 - DEBUG - server - do_GET - Рендеринг страницы view.html
2019-02-26 10:33:26 - DEBUG - server - do_GET - Получение списка регионов из БД
2019-02-26 10:33:26 - DEBUG - server - do_GET - Рендеринг страницы comment.html
2019-02-26 10:33:36 - DEBUG - server - do_GET - Ajax-запрос. Список городов по региону 5
2019-02-26 10:33:36 - DEBUG - server - do_GET - Запрос выполнен успешно
2019-02-26 10:33:42 - DEBUG - server - do_GET - Рендеринг страницы view.html
2019-02-26 10:33:45 - DEBUG - server - do_GET - Получение списка регионов из БД
2019-02-26 10:33:45 - DEBUG - server - do_GET - Рендеринг страницы comment.html
2019-02-26 10:33:56 - DEBUG - server - do_GET - Ajax-запрос. Список городов по региону 5
2019-02-26 10:33:56 - DEBUG - server - do_GET - Запрос выполнен успешно
2019-02-26 10:34:02 - DEBUG - server - do_GET - Рендеринг страницы view.html
2019-02-26 10:34:03 - DEBUG - server - do_GET - Рендеринг страницы stat.html
2019-02-26 10:34:05 - DEBUG - server - do_GET - Рендеринг страницы stat.html
2019-02-26 10:34:06 - DEBUG - server - do_GET - Получение списка регионов из БД
2019-02-26 10:34:06 - DEBUG - server - do_GET - Рендеринг страницы comment.html
2019-02-26 10:34:12 - DEBUG - server - do_GET - Ajax-запрос. Список городов по региону 5
2019-02-26 10:34:12 - DEBUG - server - do_GET - Запрос выполнен успешно
2019-02-26 10:34:19 - DEBUG - server - do_GET - Рендеринг страницы view.html
2019-02-26 10:34:21 - DEBUG - server - do_GET - Рендеринг страницы stat.html
2019-02-26 10:34:28 - DEBUG - server - do_GET - Рендеринг страницы stat.html
2019-02-26 10:34:34 - DEBUG - server - do_GET - Ajax-запрос. Получение статистики в разрезе городов по региону 1
2019-02-26 10:34:34 - DEBUG - server - do_GET - Запрос выполнен успешно
